<?xml version="1.0" encoding="UTF-8"?>
<!-- Generated by org.testng.reporters.JUnitReportReporter -->
<testsuite hostname="AshvinsLaptop" failures="0" tests="1" name="EcommerceAppAddToCartScenario" time="25.574" errors="0" timestamp="2023-05-01T17:58:30 BST" skipped="0">
  <testcase classname="EcommerceAppAddToCartScenario" name="productAddToCartTest" time="25.574"/>
  <system-out/>
</testsuite> <!-- EcommerceAppAddToCartScenario -->
