<?xml version="1.0" encoding="UTF-8"?>
<!-- Generated by org.testng.reporters.JUnitReportReporter -->
<testsuite hostname="AshvinsLaptop" failures="0" tests="1" name="GeneralStoreApp.EcommerceAppGeneralStore" time="13.576" errors="0" timestamp="2023-05-01T18:04:40 BST" skipped="0">
  <testcase classname="GeneralStoreApp.EcommerceAppGeneralStore" name="fillFormTest" time="13.576"/>
  <system-out/>
</testsuite> <!-- GeneralStoreApp.EcommerceAppGeneralStore -->
