<?xml version="1.0" encoding="UTF-8"?>
<!-- Generated by org.testng.reporters.JUnitReportReporter -->
<testsuite hostname="AshvinsLaptop" failures="0" tests="1" name="DragAndDropDemo" time="5.920" errors="0" timestamp="2023-04-02T12:22:50 BST" skipped="0">
  <testcase classname="DragAndDropDemo" name="dragAndDropDemoTest" time="5.920"/>
  <system-out/>
</testsuite> <!-- DragAndDropDemo -->
