<?xml version="1.0" encoding="UTF-8"?>
<!-- Generated by org.testng.reporters.JUnitReportReporter -->
<testsuite hostname="AshvinsLaptop" failures="0" tests="1" name="LogPressGesture" time="9.534" errors="0" timestamp="2023-03-13T18:28:36 GMT" skipped="0">
  <testcase classname="LogPressGesture" name="longPressGestureTest" time="9.534"/>
  <system-out/>
</testsuite> <!-- LogPressGesture -->
