<?xml version="1.0" encoding="UTF-8"?>
<!-- Generated by org.testng.reporters.JUnitReportReporter -->
<testsuite hostname="AshvinsLaptop" failures="0" tests="1" name="ToastErrorMessageHandling" time="15.802" errors="0" timestamp="2023-04-15T20:48:28 BST" skipped="0">
  <testcase classname="ToastErrorMessageHandling" name="verifyToastMessageTest" time="15.802"/>
  <system-out/>
</testsuite> <!-- ToastErrorMessageHandling -->
