<?xml version="1.0" encoding="UTF-8"?>
<!-- Generated by org.testng.reporters.JUnitReportReporter -->
<testsuite hostname="AshvinsLaptop" failures="0" tests="1" name="ToastErrorMessageHandling" time="12.111" errors="0" timestamp="2023-05-01T18:01:06 BST" skipped="0">
  <testcase classname="ToastErrorMessageHandling" name="verifyToastMessageTest" time="12.111"/>
  <system-out/>
</testsuite> <!-- ToastErrorMessageHandling -->
