<?xml version="1.0" encoding="UTF-8"?>
<!-- Generated by org.testng.reporters.JUnitReportReporter -->
<testsuite hostname="AshvinsLaptop" failures="0" tests="1" name="ValidatingMobileLongPressGesture" time="23.517" errors="0" timestamp="2023-05-01T17:35:21 BST" skipped="0">
  <testcase classname="ValidatingMobileLongPressGesture" name="totalPurchaseProductPriceTest" time="23.517"/>
  <system-out/>
</testsuite> <!-- ValidatingMobileLongPressGesture -->
