<?xml version="1.0" encoding="UTF-8"?>
<!-- Generated by org.testng.reporters.JUnitReportReporter -->
<testsuite hostname="AshvinsLaptop" failures="0" tests="1" name="GeneralStoreApp.ToastErrorMessageHandling" time="12.253" errors="0" timestamp="2023-05-01T18:11:26 BST" skipped="0">
  <testcase classname="GeneralStoreApp.ToastErrorMessageHandling" name="verifyToastMessageTest" time="12.253"/>
  <system-out/>
</testsuite> <!-- GeneralStoreApp.ToastErrorMessageHandling -->
