<?xml version="1.0" encoding="UTF-8"?>
<!-- Generated by org.testng.reporters.JUnitReportReporter -->
<testsuite hostname="AshvinsLaptop" failures="0" tests="1" name="EcommerchCheckoutTotal" time="17.908" errors="0" timestamp="2023-05-01T18:00:10 BST" skipped="0">
  <testcase classname="EcommerchCheckoutTotal" name="totalPurchaseProductPriceTest" time="17.908"/>
  <system-out/>
</testsuite> <!-- EcommerchCheckoutTotal -->
