<?xml version="1.0" encoding="UTF-8"?>
<!-- Generated by org.testng.reporters.JUnitReportReporter -->
<testsuite hostname="AshvinsLaptop" failures="0" tests="1" name="AppiumBasic" time="24.803" errors="0" timestamp="2023-04-16T12:58:20 BST" skipped="0">
  <testcase classname="AppiumBasic" name="appiumTest" time="24.803"/>
  <system-out/>
</testsuite> <!-- AppiumBasic -->
