<?xml version="1.0" encoding="UTF-8"?>
<!-- Generated by org.testng.reporters.JUnitReportReporter -->
<testsuite hostname="AshvinsLaptop" failures="0" tests="1" name="MiscellanousGestures" time="11.114" errors="0" timestamp="2023-03-26T19:47:44 BST" skipped="0">
  <testcase classname="MiscellanousGestures" name="testOnLandscopeMode" time="11.114"/>
  <system-out/>
</testsuite> <!-- MiscellanousGestures -->
