<?xml version="1.0" encoding="UTF-8"?>
<!-- Generated by org.testng.reporters.JUnitReportReporter -->
<testsuite hostname="AshvinsLaptop" failures="0" tests="1" name="DragAndDropDemo" time="5.324" errors="0" timestamp="2023-05-01T18:09:25 BST" skipped="0">
  <testcase classname="DragAndDropDemo" name="dragAndDropDemoTest" time="5.324"/>
  <system-out/>
</testsuite> <!-- DragAndDropDemo -->
