<?xml version="1.0" encoding="UTF-8"?>
<!-- Generated by org.testng.reporters.JUnitReportReporter -->
<testsuite hostname="AshvinsLaptop" failures="0" tests="1" name="AppWifiSetting" time="5.857" errors="0" timestamp="2023-05-01T18:08:52 BST" skipped="0">
  <testcase classname="AppWifiSetting" name="clickPreference" time="5.857"/>
  <system-out/>
</testsuite> <!-- AppWifiSetting -->
