<?xml version="1.0" encoding="UTF-8"?>
<!-- Generated by org.testng.reporters.JUnitReportReporter -->
<testsuite hostname="AshvinsLaptop" failures="0" tests="1" name="ScrollPageDemo" time="26.333" errors="0" timestamp="2023-03-13T19:50:56 GMT" skipped="0">
  <testcase classname="ScrollPageDemo" name="scrollPageDemoTest" time="26.333"/>
  <system-out/>
</testsuite> <!-- ScrollPageDemo -->
