<?xml version="1.0" encoding="UTF-8"?>
<!-- Generated by org.testng.reporters.JUnitReportReporter -->
<testsuite hostname="AshvinsLaptop" failures="0" tests="1" name="EcommerceAppGeneralStore" time="16.842" errors="0" timestamp="2023-04-16T12:59:14 BST" skipped="0">
  <testcase classname="EcommerceAppGeneralStore" name="fillFormTest" time="16.842"/>
  <system-out/>
</testsuite> <!-- EcommerceAppGeneralStore -->
