<?xml version="1.0" encoding="UTF-8"?>
<!-- Generated by org.testng.reporters.JUnitReportReporter -->
<testsuite hostname="AshvinsLaptop" failures="0" tests="1" name="GeneralStoreApp.EcommerceAppAddToCartScenario" time="21.077" errors="0" timestamp="2023-05-01T18:06:43 BST" skipped="0">
  <testcase classname="GeneralStoreApp.EcommerceAppAddToCartScenario" name="productAddToCartTest" time="21.077"/>
  <system-out/>
</testsuite> <!-- GeneralStoreApp.EcommerceAppAddToCartScenario -->
