<?xml version="1.0" encoding="UTF-8"?>
<!-- Generated by org.testng.reporters.JUnitReportReporter -->
<testsuite hostname="AshvinsLaptop" failures="0" tests="1" name="EcommerceAppGeneralStore" time="14.506" errors="0" timestamp="2023-05-01T17:59:21 BST" skipped="0">
  <testcase classname="EcommerceAppGeneralStore" name="fillFormTest" time="14.506"/>
  <system-out/>
</testsuite> <!-- EcommerceAppGeneralStore -->
