<?xml version="1.0" encoding="UTF-8"?>
<!-- Generated by org.testng.reporters.JUnitReportReporter -->
<testsuite hostname="AshvinsLaptop" failures="0" tests="1" name="AppWifiSetting" time="5.935" errors="0" timestamp="2023-03-26T19:09:11 BST" skipped="0">
  <testcase classname="AppWifiSetting" name="clickPreference" time="5.935"/>
  <system-out/>
</testsuite> <!-- AppWifiSetting -->
