<?xml version="1.0" encoding="UTF-8"?>
<!-- Generated by org.testng.reporters.JUnitReportReporter -->
<testsuite hostname="AshvinsLaptop" failures="0" tests="1" name="AppiumBasic" time="10.976" errors="0" timestamp="2023-05-01T18:08:24 BST" skipped="0">
  <testcase classname="AppiumBasic" name="appiumTest" time="10.976"/>
  <system-out/>
</testsuite> <!-- AppiumBasic -->
