<?xml version="1.0" encoding="UTF-8"?>
<!-- Generated by org.testng.reporters.JUnitReportReporter -->
<testsuite hostname="AshvinsLaptop" failures="0" tests="1" name="EcommerceAppAddToCartScenario" time="21.475" errors="0" timestamp="2023-04-16T14:06:56 BST" skipped="0">
  <testcase classname="EcommerceAppAddToCartScenario" name="productAddToCartTest" time="21.475"/>
  <system-out/>
</testsuite> <!-- EcommerceAppAddToCartScenario -->
